<?xml version="1.0" encoding="UTF-8"?>
<!-- Generated by org.testng.reporters.JUnitXMLReporter -->
<testsuite hostname="ASDW0016" ignored="0" name="Regression suite 1" tests="13" failures="5" timestamp="02 Jul 2018 06:48:47 GMT" time="17.043" errors="0">
  <testcase name="Test1HRISLogo" time="0.357" classname="com.qait.MavenDemo.HRIS_POM.HrisTestPom"/>
  <testcase name="Test2LoginPanelTab" time="0.133" classname="com.qait.MavenDemo.HRIS_POM.HrisTestPom"/>
  <testcase name="Test3AboutHRISTab" time="0.112" classname="com.qait.MavenDemo.HRIS_POM.HrisTestPom">
    <failure type="java.lang.AssertionError" message="expected [true] but found [false]">
      <![CDATA[java.lang.AssertionError: expected [true] but found [false]
at com.qait.MavenDemo.HRIS_POM.HrisTestPom.Test3AboutHRISTab(HrisTestPom.java:69)
... Removed 29 stack frames]]>
    </failure>
  </testcase> <!-- Test3AboutHRISTab -->
  <testcase name="Test4CelebrationTab" time="0.126" classname="com.qait.MavenDemo.HRIS_POM.HrisTestPom">
    <failure type="java.lang.AssertionError" message="expected [true] but found [false]">
      <![CDATA[java.lang.AssertionError: expected [true] but found [false]
at com.qait.MavenDemo.HRIS_POM.HrisTestPom.Test4CelebrationTab(HrisTestPom.java:76)
... Removed 29 stack frames]]>
    </failure>
  </testcase> <!-- Test4CelebrationTab -->
  <testcase name="Test5HRPolicyTab" time="0.172" classname="com.qait.MavenDemo.HRIS_POM.HrisTestPom"/>
  <testcase name="Test6foodMenuTab" time="0.127" classname="com.qait.MavenDemo.HRIS_POM.HrisTestPom">
    <failure type="java.lang.AssertionError" message="expected [true] but found [false]">
      <![CDATA[java.lang.AssertionError: expected [true] but found [false]
at com.qait.MavenDemo.HRIS_POM.HrisTestPom.Test6foodMenuTab(HrisTestPom.java:91)
... Removed 29 stack frames]]>
    </failure>
  </testcase> <!-- Test6foodMenuTab -->
  <testcase name="Test7DidYouKnowTab" time="0.131" classname="com.qait.MavenDemo.HRIS_POM.HrisTestPom">
    <failure type="java.lang.AssertionError" message="expected [true] but found [false]">
      <![CDATA[java.lang.AssertionError: expected [true] but found [false]
at com.qait.MavenDemo.HRIS_POM.HrisTestPom.Test7DidYouKnowTab(HrisTestPom.java:98)
... Removed 29 stack frames]]>
    </failure>
  </testcase> <!-- Test7DidYouKnowTab -->
  <testcase name="Test8AccessPayrollOnline" time="0.058" classname="com.qait.MavenDemo.HRIS_POM.HrisTestPom">
    <failure type="org.openqa.selenium.NoSuchElementException" message="no such element: Unable to locate element: {&amp;quot;method&amp;quot;:&amp;quot;css selector&amp;quot;,&amp;quot;selector&amp;quot;:&amp;quot;.nav.nav-tabs li:nth-child(7) a&amp;quot;}
  (Session info: chrome=67.0.3396.99)
  (Driver info: chromedriver=2.40.565498 (ea082db3280dd6843ebfb08a625e3eb905c4f5ab),platform=Windows NT 6.3.9600 x86_64) (WARNING: The server did not provide any stacktrace information)
Command duration or timeout: 0 milliseconds
For documentation on this error, please visit: http://seleniumhq.org/exceptions/no_such_element.html
Build info: version: &amp;apos;3.11.0&amp;apos;, revision: &amp;apos;e59cfb3&amp;apos;, time: &amp;apos;2018-03-11T20:26:55.152Z&amp;apos;
System info: host: &amp;apos;ASDW0016&amp;apos;, ip: &amp;apos;10.0.28.217&amp;apos;, os.name: &amp;apos;Windows 8.1&amp;apos;, os.arch: &amp;apos;amd64&amp;apos;, os.version: &amp;apos;6.3&amp;apos;, java.version: &amp;apos;1.8.0_161&amp;apos;
Driver info: org.openqa.selenium.chrome.ChromeDriver
Capabilities {acceptInsecureCerts: false, acceptSslCerts: false, applicationCacheEnabled: false, browserConnectionEnabled: false, browserName: chrome, chrome: {chromedriverVersion: 2.40.565498 (ea082db3280dd6..., userDataDir: C:\Users\ADITYA~1\AppData\L...}, cssSelectorsEnabled: true, databaseEnabled: false, handlesAlerts: true, hasTouchScreen: false, javascriptEnabled: true, locationContextEnabled: true, mobileEmulationEnabled: false, nativeEvents: true, networkConnectionEnabled: false, pageLoadStrategy: normal, platform: XP, platformName: XP, rotatable: false, setWindowRect: true, takesHeapSnapshot: true, takesScreenshot: true, unexpectedAlertBehaviour: , unhandledPromptBehavior: , version: 67.0.3396.99, webStorageEnabled: true}
Session ID: 2b929d86c76f7828a8383c450b83ecbc
*** Element info: {Using=css selector, value=.nav.nav-tabs li:nth-child(7) a}">
      <![CDATA[org.openqa.selenium.NoSuchElementException: no such element: Unable to locate element: {"method":"css selector","selector":".nav.nav-tabs li:nth-child(7) a"}
  (Session info: chrome=67.0.3396.99)
  (Driver info: chromedriver=2.40.565498 (ea082db3280dd6843ebfb08a625e3eb905c4f5ab),platform=Windows NT 6.3.9600 x86_64) (WARNING: The server did not provide any stacktrace information)
Command duration or timeout: 0 milliseconds
For documentation on this error, please visit: http://seleniumhq.org/exceptions/no_such_element.html
Build info: version: '3.11.0', revision: 'e59cfb3', time: '2018-03-11T20:26:55.152Z'
System info: host: 'ASDW0016', ip: '10.0.28.217', os.name: 'Windows 8.1', os.arch: 'amd64', os.version: '6.3', java.version: '1.8.0_161'
Driver info: org.openqa.selenium.chrome.ChromeDriver
Capabilities {acceptInsecureCerts: false, acceptSslCerts: false, applicationCacheEnabled: false, browserConnectionEnabled: false, browserName: chrome, chrome: {chromedriverVersion: 2.40.565498 (ea082db3280dd6..., userDataDir: C:\Users\ADITYA~1\AppData\L...}, cssSelectorsEnabled: true, databaseEnabled: false, handlesAlerts: true, hasTouchScreen: false, javascriptEnabled: true, locationContextEnabled: true, mobileEmulationEnabled: false, nativeEvents: true, networkConnectionEnabled: false, pageLoadStrategy: normal, platform: XP, platformName: XP, rotatable: false, setWindowRect: true, takesHeapSnapshot: true, takesScreenshot: true, unexpectedAlertBehaviour: , unhandledPromptBehavior: , version: 67.0.3396.99, webStorageEnabled: true}
Session ID: 2b929d86c76f7828a8383c450b83ecbc
*** Element info: {Using=css selector, value=.nav.nav-tabs li:nth-child(7) a}
at org.openqa.selenium.remote.ErrorHandler.createThrowable(ErrorHandler.java:214)
at org.openqa.selenium.remote.ErrorHandler.throwIfResponseFailed(ErrorHandler.java:166)
at org.openqa.selenium.remote.http.JsonHttpResponseCodec.reconstructValue(JsonHttpResponseCodec.java:40)
at org.openqa.selenium.remote.http.AbstractHttpResponseCodec.decode(AbstractHttpResponseCodec.java:80)
at org.openqa.selenium.remote.http.AbstractHttpResponseCodec.decode(AbstractHttpResponseCodec.java:44)
at org.openqa.selenium.remote.HttpCommandExecutor.execute(HttpCommandExecutor.java:158)
at org.openqa.selenium.remote.service.DriverCommandExecutor.execute(DriverCommandExecutor.java:83)
at org.openqa.selenium.remote.RemoteWebDriver.execute(RemoteWebDriver.java:545)
at org.openqa.selenium.remote.RemoteWebDriver.findElement(RemoteWebDriver.java:319)
at org.openqa.selenium.remote.RemoteWebDriver.findElementByCssSelector(RemoteWebDriver.java:413)
at org.openqa.selenium.By$ByCssSelector.findElement(By.java:430)
at org.openqa.selenium.remote.RemoteWebDriver.findElement(RemoteWebDriver.java:311)
at com.qait.MavenDemo.HRIS_POM.HrisTestPom.Test8AccessPayrollOnline(HrisTestPom.java:104)
... Removed 29 stack frames]]>
    </failure>
  </testcase> <!-- Test8AccessPayrollOnline -->
  <testcase name="Test9ReportBug" time="0.141" classname="com.qait.MavenDemo.HRIS_POM.HrisTestPom"/>
  <testcase name="Test10IncorrectPassword" time="0.29" classname="com.qait.MavenDemo.HRIS_POM.HrisTestPom"/>
  <testcase name="Test11BlankPassword" time="0.936" classname="com.qait.MavenDemo.HRIS_POM.HrisTestPom"/>
  <testcase name="Test12CorrectPassword" time="0.285" classname="com.qait.MavenDemo.HRIS_POM.HrisTestPom"/>
  <testcase name="Test13" time="6.566" classname="com.qait.MavenDemo.HRIS_POM.HrisTestPom"/>
</testsuite> <!-- Regression suite 1 -->
